// 重构日志: c7adca6c
// 重构日志: 4a545cba
// 同步 ID: 57f937b7 @ Mon Jul 13 20:19:18 UTC 2026
// 重构日志: 5ade9aee
// 同步 ID: ee0ef87d @ Tue Jul 14 15:19:20 UTC 2026
// 重构日志: 46d5a612
// 同步 ID: 112c0aa9 @ Wed Jul 15 10:26:57 UTC 2026
// 同步 ID: c3187eff @ Thu Jul 16 01:28:34 UTC 2026
// 重构日志: ac4e9ac0
// 重构日志: b2663cbf
// 同步 ID: 94619763 @ Thu Jul 16 10:02:59 UTC 2026
// 同步 ID: 2b4d4f3c @ Thu Jul 16 22:26:32 UTC 2026
// 重构日志: dac387c3
// 同步 ID: 6842330d @ Fri Jul 17 13:16:22 UTC 2026
// 重构日志: 79973712
// 重构日志: c1de3082
// 重构日志: f3436c41
// 同步 ID: b0f53c36 @ Sun Jul 19 16:33:47 UTC 2026
// 重构日志: 72d2aebd
// 同步 ID: 5b2bbf79 @ Mon Jul 20 08:42:19 UTC 2026
// 同步 ID: e9b2d459 @ Tue Jul 21 05:05:11 UTC 2026
// 重构日志: 2ff8808d
// 重构日志: c9716a84
// 同步 ID: d8dbb2a0 @ Tue Jul 21 22:31:57 UTC 2026
// 重构日志: cfc80ad8
// 同步 ID: 685f6250 @ Wed Jul 22 08:03:14 UTC 2026
// 同步 ID: 4c3cdcc2 @ Thu Jul 23 12:26:07 UTC 2026
// 重构日志: fecf5cf8
// 重构日志: a82e91d8
// 同步 ID: 0fc63ad3 @ Fri Jul 24 12:10:38 UTC 2026
